# JRE version: Java(TM) SE Runtime Environment (8.0_231-b11) (build 1.8.0_231-b11)
# Java VM: Java HotSpot(TM) 64-Bit Server VM (25.231-b11 mixed mode windows-amd64 compressed oops)
Heap:
 PSYoungGen      total 308224K, used 204183K [0x00000000d6000000, 0x00000000ea680000, 0x0000000100000000)
  eden space 296960K, 64% used [0x00000000d6000000,0x00000000e1c6bfa8,0x00000000e8200000)
  from space 11264K, 99% used [0x00000000e9b80000,0x00000000ea679fc8,0x00000000ea680000)
  to   space 14848K, 0% used [0x00000000e8980000,0x00000000e8980000,0x00000000e9800000)
 ParOldGen       total 72192K, used 20352K [0x0000000082000000, 0x0000000086680000, 0x00000000d6000000)
  object space 72192K, 28% used [0x0000000082000000,0x00000000833e0050,0x0000000086680000)
 Metaspace       used 55386K, capacity 58858K, committed 59028K, reserved 1099776K
  class space    used 7596K, capacity 8182K, committed 8192K, reserved 1048576K
GC Heap History (10 events):
Event: 3.220 GC heap before
{Heap before GC invocations=8 (full 1):
 PSYoungGen      total 139264K, used 131072K [0x00000000d6000000, 0x00000000df000000, 0x0000000100000000)
  eden space 131072K, 100% used [0x00000000d6000000,0x00000000de000000,0x00000000de000000)
  from space 8192K, 0% used [0x00000000de800000,0x00000000de800000,0x00000000df000000)
  to   space 8192K, 0% used [0x00000000de000000,0x00000000de000000,0x00000000de800000)
 ParOldGen       total 50176K, used 6605K [0x0000000082000000, 0x0000000085100000, 0x00000000d6000000)
  object space 50176K, 13% used [0x0000000082000000,0x0000000082673498,0x0000000085100000)
 Metaspace       used 25805K, capacity 27570K, committed 27648K, reserved 1073152K
  class space    used 3499K, capacity 3819K, committed 3840K, reserved 1048576K
Event: 3.231 GC heap after
Heap after GC invocations=8 (full 1):
 PSYoungGen      total 139264K, used 8180K [0x00000000d6000000, 0x00000000e4e80000, 0x0000000100000000)
  eden space 131072K, 0% used [0x00000000d6000000,0x00000000d6000000,0x00000000de000000)
  from space 8192K, 99% used [0x00000000de000000,0x00000000de7fd3c0,0x00000000de800000)
  to   space 9728K, 0% used [0x00000000e4500000,0x00000000e4500000,0x00000000e4e80000)
 ParOldGen       total 50176K, used 7720K [0x0000000082000000, 0x0000000085100000, 0x00000000d6000000)
  object space 50176K, 15% used [0x0000000082000000,0x000000008278a3a8,0x0000000085100000)
 Metaspace       used 25805K, capacity 27570K, committed 27648K, reserved 1073152K
  class space    used 3499K, capacity 3819K, committed 3840K, reserved 1048576K
}
Event: 3.928 GC heap before
{Heap before GC invocations=9 (full 1):
 PSYoungGen      total 139264K, used 139252K [0x00000000d6000000, 0x00000000e4e80000, 0x0000000100000000)
  eden space 131072K, 100% used [0x00000000d6000000,0x00000000de000000,0x00000000de000000)
  from space 8192K, 99% used [0x00000000de000000,0x00000000de7fd3c0,0x00000000de800000)
  to   space 9728K, 0% used [0x00000000e4500000,0x00000000e4500000,0x00000000e4e80000)
 ParOldGen       total 50176K, used 7720K [0x0000000082000000, 0x0000000085100000, 0x00000000d6000000)
  object space 50176K, 15% used [0x0000000082000000,0x000000008278a3a8,0x0000000085100000)
 Metaspace       used 31241K, capacity 33180K, committed 33280K, reserved 1077248K
  class space    used 4221K, capacity 4602K, committed 4608K, reserved 1048576K
Event: 3.941 GC heap after
Heap after GC invocations=9 (full 1):
 PSYoungGen      total 230400K, used 9714K [0x00000000d6000000, 0x00000000e4e80000, 0x0000000100000000)
  eden space 220672K, 0% used [0x00000000d6000000,0x00000000d6000000,0x00000000e3780000)
  from space 9728K, 99% used [0x00000000e4500000,0x00000000e4e7cbb8,0x00000000e4e80000)
  to   space 11264K, 0% used [0x00000000e3880000,0x00000000e3880000,0x00000000e4380000)
 ParOldGen       total 50176K, used 8400K [0x0000000082000000, 0x0000000085100000, 0x00000000d6000000)
  object space 50176K, 16% used [0x0000000082000000,0x0000000082834160,0x0000000085100000)
 Metaspace       used 31241K, capacity 33180K, committed 33280K, reserved 1077248K
  class space    used 4221K, capacity 4602K, committed 4608K, reserved 1048576K
}
Event: 4.191 GC heap before
{Heap before GC invocations=10 (full 1):
 PSYoungGen      total 230400K, used 41218K [0x00000000d6000000, 0x00000000e4e80000, 0x0000000100000000)
  eden space 220672K, 14% used [0x00000000d6000000,0x00000000d7ec3f40,0x00000000e3780000)
  from space 9728K, 99% used [0x00000000e4500000,0x00000000e4e7cbb8,0x00000000e4e80000)
  to   space 11264K, 0% used [0x00000000e3880000,0x00000000e3880000,0x00000000e4380000)
 ParOldGen       total 50176K, used 8400K [0x0000000082000000, 0x0000000085100000, 0x00000000d6000000)
  object space 50176K, 16% used [0x0000000082000000,0x0000000082834160,0x0000000085100000)
 Metaspace       used 33371K, capacity 35398K, committed 35416K, reserved 1079296K
  class space    used 4607K, capacity 4985K, committed 4992K, reserved 1048576K
Event: 4.202 GC heap after
Heap after GC invocations=10 (full 1):
 PSYoungGen      total 232960K, used 8018K [0x00000000d6000000, 0x00000000ea680000, 0x0000000100000000)
  eden space 221696K, 0% used [0x00000000d6000000,0x00000000d6000000,0x00000000e3880000)
  from space 11264K, 71% used [0x00000000e3880000,0x00000000e4054a10,0x00000000e4380000)
  to   space 11264K, 0% used [0x00000000e9b80000,0x00000000e9b80000,0x00000000ea680000)
 ParOldGen       total 50176K, used 8400K [0x0000000082000000, 0x0000000085100000, 0x00000000d6000000)
  object space 50176K, 16% used [0x0000000082000000,0x0000000082834160,0x0000000085100000)
 Metaspace       used 33371K, capacity 35398K, committed 35416K, reserved 1079296K
  class space    used 4607K, capacity 4985K, committed 4992K, reserved 1048576K
}
Event: 4.202 GC heap before
{Heap before GC invocations=11 (full 2):
 PSYoungGen      total 232960K, used 8018K [0x00000000d6000000, 0x00000000ea680000, 0x0000000100000000)
  eden space 221696K, 0% used [0x00000000d6000000,0x00000000d6000000,0x00000000e3880000)
  from space 11264K, 71% used [0x00000000e3880000,0x00000000e4054a10,0x00000000e4380000)
  to   space 11264K, 0% used [0x00000000e9b80000,0x00000000e9b80000,0x00000000ea680000)
 ParOldGen       total 50176K, used 8400K [0x0000000082000000, 0x0000000085100000, 0x00000000d6000000)
  object space 50176K, 16% used [0x0000000082000000,0x0000000082834160,0x0000000085100000)
 Metaspace       used 33371K, capacity 35398K, committed 35416K, reserved 1079296K
  class space    used 4607K, capacity 4985K, committed 4992K, reserved 1048576K
Event: 4.261 GC heap after
Heap after GC invocations=11 (full 2):
 PSYoungGen      total 232960K, used 0K [0x00000000d6000000, 0x00000000ea680000, 0x0000000100000000)
  eden space 221696K, 0% used [0x00000000d6000000,0x00000000d6000000,0x00000000e3880000)
  from space 11264K, 0% used [0x00000000e3880000,0x00000000e3880000,0x00000000e4380000)
  to   space 11264K, 0% used [0x00000000e9b80000,0x00000000e9b80000,0x00000000ea680000)
 ParOldGen       total 72192K, used 13192K [0x0000000082000000, 0x0000000086680000, 0x00000000d6000000)
  object space 72192K, 18% used [0x0000000082000000,0x0000000082ce22c8,0x0000000086680000)
 Metaspace       used 33371K, capacity 35398K, committed 35416K, reserved 1079296K
  class space    used 4607K, capacity 4985K, committed 4992K, reserved 1048576K
}
Event: 6.237 GC heap before
{Heap before GC invocations=12 (full 2):
 PSYoungGen      total 232960K, used 221696K [0x00000000d6000000, 0x00000000ea680000, 0x0000000100000000)
  eden space 221696K, 100% used [0x00000000d6000000,0x00000000e3880000,0x00000000e3880000)
  from space 11264K, 0% used [0x00000000e3880000,0x00000000e3880000,0x00000000e4380000)
  to   space 11264K, 0% used [0x00000000e9b80000,0x00000000e9b80000,0x00000000ea680000)
 ParOldGen       total 72192K, used 13192K [0x0000000082000000, 0x0000000086680000, 0x00000000d6000000)
  object space 72192K, 18% used [0x0000000082000000,0x0000000082ce22c8,0x0000000086680000)
 Metaspace       used 47710K, capacity 50446K, committed 50648K, reserved 1093632K
  class space    used 6579K, capacity 7049K, committed 7168K, reserved 1048576K
Event: 6.257 GC heap after
Heap after GC invocations=12 (full 2):
 PSYoungGen      total 308224K, used 11239K [0x00000000d6000000, 0x00000000ea680000, 0x0000000100000000)
  eden space 296960K, 0% used [0x00000000d6000000,0x00000000d6000000,0x00000000e8200000)
  from space 11264K, 99% used [0x00000000e9b80000,0x00000000ea679fc8,0x00000000ea680000)
  to   space 14848K, 0% used [0x00000000e8980000,0x00000000e8980000,0x00000000e9800000)
 ParOldGen       total 72192K, used 20352K [0x0000000082000000, 0x0000000086680000, 0x00000000d6000000)
  object space 72192K, 28% used [0x0000000082000000,0x00000000833e0050,0x0000000086680000)
 Metaspace       used 47710K, capacity 50446K, committed 50648K, reserved 1093632K
  class space    used 6579K, capacity 7049K, committed 7168K, reserved 1048576K
}

